<?xml version="1.0" encoding="UTF-8"?>
<!-- Generated by org.testng.reporters.JUnitXMLReporter -->
<testsuite ignored="0" hostname="venus-air.wifi.uc.edu" failures="0" tests="6" name="Default test" time="5.861" errors="0" timestamp="2024-08-30T17:05:32 EDT">
  <testcase classname="api.test.DDTests" name="testPostUser" time="2.457"/>
  <testcase classname="api.test.DDTests" name="testPostUser" time="0.228"/>
  <testcase classname="api.test.DDTests" name="testPostUser" time="0.202"/>
  <testcase classname="api.test.DDTests" name="testDeleteUser" time="0.236"/>
  <testcase classname="api.test.DDTests" name="testDeleteUser" time="0.248"/>
  <testcase classname="api.test.DDTests" name="testDeleteUser" time="0.196"/>
</testsuite> <!-- Default test -->
