<?xml version="1.0" encoding="UTF-8"?>
<testsuite xmlns:xsi="http://www.w3.org/2001/XMLSchema-instance" xsi:noNamespaceSchemaLocation="https://maven.apache.org/surefire/maven-surefire-plugin/xsd/surefire-test-report-3.0.xsd" version="3.0" name="TestSuite" time="5.521" tests="4" errors="0" skipped="0" failures="0">
  <properties>
[...]
</properties>
  <testcase name="testPostUser" classname="api.test.UserTests" time="4.152">
    <system-out><![CDATA[HTTP/1.1 200 OK
Date: Fri, 30 Aug 2024 22:54:37 GMT
Content-Type: application/json
Transfer-Encoding: chunked
Connection: keep-alive
Access-Control-Allow-Origin: *
Access-Control-Allow-Methods: GET, POST, DELETE, PUT
Access-Control-Allow-Headers: Content-Type, api_key, Authorization
Server: Jetty(9.2.9.v20150224)

{
    "code": 200,
    "type": "unknown",
    "message": "171421438"
}
]]></system-out>
    <system-err><![CDATA[SLF4J: Failed to load class "org.slf4j.impl.StaticLoggerBinder".
SLF4J: Defaulting to no-operation (NOP) logger implementation
SLF4J: See http://www.slf4j.org/codes.html#StaticLoggerBinder for further details.
]]></system-err>
  </testcase>
  <testcase name="testGetUser" classname="api.test.UserTests" time="0.181">
    <system-out><![CDATA[HTTP/1.1 200 OK
Date: Fri, 30 Aug 2024 22:54:37 GMT
Content-Type: application/json
Transfer-Encoding: chunked
Connection: keep-alive
Access-Control-Allow-Origin: *
Access-Control-Allow-Methods: GET, POST, DELETE, PUT
Access-Control-Allow-Headers: Content-Type, api_key, Authorization
Server: Jetty(9.2.9.v20150224)

{
    "id": 171421438,
    "username": "qiana.mcglynn",
    "firstName": "Alphonso",
    "lastName": "Schiller",
    "email": "taylor.stamm@example.com",
    "password": "jyoc6xz",
    "phone": "826-114-3415",
    "userStatus": 0
}
]]></system-out>
  </testcase>
  <testcase name="testUpdateUser" classname="api.test.UserTests" time="0.449">
    <system-out><![CDATA[HTTP/1.1 200 OK
Date: Fri, 30 Aug 2024 22:54:37 GMT
Content-Type: application/json
Transfer-Encoding: chunked
Connection: keep-alive
Access-Control-Allow-Origin: *
Access-Control-Allow-Methods: GET, POST, DELETE, PUT
Access-Control-Allow-Headers: Content-Type, api_key, Authorization
Server: Jetty(9.2.9.v20150224)

{
    "code": 200,
    "type": "unknown",
    "message": "171421438"
}
HTTP/1.1 200 OK
Date: Fri, 30 Aug 2024 22:54:38 GMT
Content-Type: application/json
Transfer-Encoding: chunked
Connection: keep-alive
Access-Control-Allow-Origin: *
Access-Control-Allow-Methods: GET, POST, DELETE, PUT
Access-Control-Allow-Headers: Content-Type, api_key, Authorization
Server: Jetty(9.2.9.v20150224)

{
    "id": 171421438,
    "username": "qiana.mcglynn",
    "firstName": "Shayne",
    "lastName": "Gutmann",
    "email": "taylor.stamm@example.com",
    "password": "jyoc6xz",
    "phone": "826-114-3415",
    "userStatus": 0
}
]]></system-out>
  </testcase>
  <testcase name="testDeleteUser" classname="api.test.UserTests" time="0.182">
    <system-out><![CDATA[HTTP/1.1 200 OK
Date: Fri, 30 Aug 2024 22:54:38 GMT
Content-Type: application/json
Transfer-Encoding: chunked
Connection: keep-alive
Access-Control-Allow-Origin: *
Access-Control-Allow-Methods: GET, POST, DELETE, PUT
Access-Control-Allow-Headers: Content-Type, api_key, Authorization
Server: Jetty(9.2.9.v20150224)

{
    "id": 171421438,
    "username": "qiana.mcglynn",
    "firstName": "Shayne",
    "lastName": "Gutmann",
    "email": "taylor.stamm@example.com",
    "password": "jyoc6xz",
    "phone": "826-114-3415",
    "userStatus": 0
}
]]></system-out>
  </testcase>
</testsuite>