<?xml version="1.0" encoding="UTF-8"?>
<testng-results ignored="0" total="4" passed="4" failed="0" skipped="0">
  <reporter-output>
  </reporter-output>
  <suite started-at="2024-08-30T18:54:33 EDT" name="PetSuite" finished-at="2024-08-30T18:54:38 EDT" duration-ms="5151">
    <groups>
    </groups>
    <test started-at="2024-08-30T18:54:33 EDT" name="PetTests" finished-at="2024-08-30T18:54:38 EDT" duration-ms="5151">
      <class name="api.test.UserTests">
        <test-method is-config="true" signature="setupData()[pri:0, instance:api.test.UserTests@7714e963]" started-at="2024-08-30T18:54:33 EDT" name="setupData" finished-at="2024-08-30T18:54:33 EDT" duration-ms="82" status="PASS">
          <reporter-output>
          </reporter-output>
        </test-method> <!-- setupData -->
        <test-method signature="testPostUser()[pri:1, instance:api.test.UserTests@7714e963]" started-at="2024-08-30T18:54:33 EDT" name="testPostUser" finished-at="2024-08-30T18:54:37 EDT" duration-ms="4150" status="PASS">
          <reporter-output>
          </reporter-output>
        </test-method> <!-- testPostUser -->
        <test-method signature="testGetUser()[pri:2, instance:api.test.UserTests@7714e963]" started-at="2024-08-30T18:54:37 EDT" name="testGetUser" finished-at="2024-08-30T18:54:37 EDT" duration-ms="181" status="PASS">
          <reporter-output>
          </reporter-output>
        </test-method> <!-- testGetUser -->
        <test-method signature="testUpdateUser()[pri:3, instance:api.test.UserTests@7714e963]" started-at="2024-08-30T18:54:37 EDT" name="testUpdateUser" finished-at="2024-08-30T18:54:38 EDT" duration-ms="448" status="PASS">
          <reporter-output>
          </reporter-output>
        </test-method> <!-- testUpdateUser -->
        <test-method signature="testDeleteUser()[pri:4, instance:api.test.UserTests@7714e963]" started-at="2024-08-30T18:54:38 EDT" name="testDeleteUser" finished-at="2024-08-30T18:54:38 EDT" duration-ms="181" status="PASS">
          <reporter-output>
          </reporter-output>
        </test-method> <!-- testDeleteUser -->
      </class> <!-- api.test.UserTests -->
    </test> <!-- PetTests -->
  </suite> <!-- PetSuite -->
</testng-results>
