<?xml version="1.0" encoding="UTF-8"?>
<!-- Generated by org.testng.reporters.JUnitXMLReporter -->
<testsuite ignored="0" hostname="venus-air.wifi.uc.edu" failures="0" tests="4" name="PetTests" time="4.516" errors="0" timestamp="2024-08-30T18:11:22 EDT">
  <testcase classname="api.test.UserTests" name="testPostUser" time="2.649"/>
  <testcase classname="api.test.UserTests" name="testGetUser" time="0.273"/>
  <testcase classname="api.test.UserTests" name="testUpdateUser" time="0.52"/>
  <testcase classname="api.test.UserTests" name="testDeleteUser" time="0.276"/>
</testsuite> <!-- PetTests -->
